<?xml version="1.0" encoding="UTF-8"?>
<!-- Generated by org.testng.reporters.JUnitReportReporter -->
<testsuite skipped="0" hostname="zhangshaojie.local" name="com.test.util.TestSendEmail" tests="1" failures="0" timestamp="19 七月 2018 02:17:32 GMT" time="0.328" errors="0">
  <testcase name="f" time="0.328" classname="com.test.util.TestSendEmail"/>
</testsuite> <!-- com.test.util.TestSendEmail -->
