<?xml version="1.0" encoding="UTF-8"?>
<testsuite xmlns:xsi="http://www.w3.org/2001/XMLSchema-instance" xsi:noNamespaceSchemaLocation="https://maven.apache.org/surefire/maven-surefire-plugin/xsd/surefire-test-report.xsd" name="TestSuite" time="0.573" tests="1" errors="0" skipped="0" failures="0">
  <properties>
    <property name="gopherProxySet" value="false"/>
    <property name="awt.toolkit" value="sun.lwawt.macosx.LWCToolkit"/>
    <property name="file.encoding.pkg" value="sun.io"/>
    <property name="java.specification.version" value="1.8"/>
    <property name="sun.cpu.isalist" value=""/>
    <property name="sun.jnu.encoding" value="UTF-8"/>
    <property name="java.class.path" value="/Users/zhangshaojie/eclipse/workspace/maventest/target/test-classes:/Users/zhangshaojie/eclipse/workspace/maventest/target/classes:/Users/zhangshaojie/eclipse/maven/repo/org/testng/testng/6.14.3/testng-6.14.3.jar:/Users/zhangshaojie/eclipse/maven/repo/com/beust/jcommander/1.72/jcommander-1.72.jar:/Users/zhangshaojie/eclipse/maven/repo/org/apache-extras/beanshell/bsh/2.0b6/bsh-2.0b6.jar:/Users/zhangshaojie/eclipse/maven/repo/javax/mail/javax.mail-api/1.5.3/javax.mail-api-1.5.3.jar:/Users/zhangshaojie/eclipse/maven/repo/javax/activation/activation/1.1/activation-1.1.jar:/Users/zhangshaojie/eclipse/maven/repo/com/sun/mail/javax.mail/1.5.3/javax.mail-1.5.3.jar:/Users/zhangshaojie/eclipse/maven/repo/org/uncommons/reportng/1.1.4/reportng-1.1.4.jar:/Users/zhangshaojie/eclipse/maven/repo/velocity/velocity/1.4/velocity-1.4.jar:/Users/zhangshaojie/eclipse/maven/repo/velocity/velocity-dep/1.4/velocity-dep-1.4.jar:/Users/zhangshaojie/eclipse/maven/repo/com/google/inject/guice/4.2.0/guice-4.2.0.jar:/Users/zhangshaojie/eclipse/maven/repo/javax/inject/javax.inject/1/javax.inject-1.jar:/Users/zhangshaojie/eclipse/maven/repo/aopalliance/aopalliance/1.0/aopalliance-1.0.jar:/Users/zhangshaojie/eclipse/maven/repo/com/google/guava/guava/23.6-android/guava-23.6-android.jar:/Users/zhangshaojie/eclipse/maven/repo/com/google/code/findbugs/jsr305/1.3.9/jsr305-1.3.9.jar:/Users/zhangshaojie/eclipse/maven/repo/org/checkerframework/checker-compat-qual/2.0.0/checker-compat-qual-2.0.0.jar:/Users/zhangshaojie/eclipse/maven/repo/com/google/errorprone/error_prone_annotations/2.1.3/error_prone_annotations-2.1.3.jar:/Users/zhangshaojie/eclipse/maven/repo/com/google/j2objc/j2objc-annotations/1.1/j2objc-annotations-1.1.jar:/Users/zhangshaojie/eclipse/maven/repo/org/codehaus/mojo/animal-sniffer-annotations/1.14/animal-sniffer-annotations-1.14.jar:/Users/zhangshaojie/eclipse/maven/repo/log4j/log4j/1.2.9/log4j-1.2.9.jar:/Users/zhangshaojie/eclipse/maven/repo/org/json/json/20090211/json-20090211.jar:/Users/zhangshaojie/eclipse/maven/repo/com/alibaba/fastjson/1.2.28/fastjson-1.2.28.jar:/Users/zhangshaojie/eclipse/maven/repo/dom4j/dom4j/1.6.1/dom4j-1.6.1.jar:/Users/zhangshaojie/eclipse/maven/repo/xml-apis/xml-apis/1.0.b2/xml-apis-1.0.b2.jar:/Users/zhangshaojie/eclipse/maven/repo/org/apache/maven/surefire/surefire-testng-utils/2.22.0/surefire-testng-utils-2.22.0.jar:/Users/zhangshaojie/eclipse/maven/repo/org/apache/maven/surefire/surefire-grouper/2.22.0/surefire-grouper-2.22.0.jar:"/>
    <property name="java.vm.vendor" value="Oracle Corporation"/>
    <property name="sun.arch.data.model" value="64"/>
    <property name="java.vendor.url" value="http://java.oracle.com/"/>
    <property name="user.timezone" value=""/>
    <property name="java.vm.specification.version" value="1.8"/>
    <property name="os.name" value="Mac OS X"/>
    <property name="user.country" value="CN"/>
    <property name="sun.java.launcher" value="SUN_STANDARD"/>
    <property name="sun.boot.library.path" value="/Library/Java/JavaVirtualMachines/jdk1.8.0_161.jdk/Contents/Home/jre/lib"/>
    <property name="sun.java.command" value="/Users/zhangshaojie/eclipse/workspace/maventest/target/surefire/surefirebooter4547051906965834945.jar /Users/zhangshaojie/eclipse/workspace/maventest/target/surefire 2018-07-19T10-17-56_650-jvmRun1 surefire2510388464359161864tmp surefire_09005039917906946191tmp"/>
    <property name="http.nonProxyHosts" value="local|*.local|169.254/16|*.169.254/16"/>
    <property name="surefire.test.class.path" value="/Users/zhangshaojie/eclipse/workspace/maventest/target/test-classes:/Users/zhangshaojie/eclipse/workspace/maventest/target/classes:/Users/zhangshaojie/eclipse/maven/repo/org/testng/testng/6.14.3/testng-6.14.3.jar:/Users/zhangshaojie/eclipse/maven/repo/com/beust/jcommander/1.72/jcommander-1.72.jar:/Users/zhangshaojie/eclipse/maven/repo/org/apache-extras/beanshell/bsh/2.0b6/bsh-2.0b6.jar:/Users/zhangshaojie/eclipse/maven/repo/javax/mail/javax.mail-api/1.5.3/javax.mail-api-1.5.3.jar:/Users/zhangshaojie/eclipse/maven/repo/javax/activation/activation/1.1/activation-1.1.jar:/Users/zhangshaojie/eclipse/maven/repo/com/sun/mail/javax.mail/1.5.3/javax.mail-1.5.3.jar:/Users/zhangshaojie/eclipse/maven/repo/org/uncommons/reportng/1.1.4/reportng-1.1.4.jar:/Users/zhangshaojie/eclipse/maven/repo/velocity/velocity/1.4/velocity-1.4.jar:/Users/zhangshaojie/eclipse/maven/repo/velocity/velocity-dep/1.4/velocity-dep-1.4.jar:/Users/zhangshaojie/eclipse/maven/repo/com/google/inject/guice/4.2.0/guice-4.2.0.jar:/Users/zhangshaojie/eclipse/maven/repo/javax/inject/javax.inject/1/javax.inject-1.jar:/Users/zhangshaojie/eclipse/maven/repo/aopalliance/aopalliance/1.0/aopalliance-1.0.jar:/Users/zhangshaojie/eclipse/maven/repo/com/google/guava/guava/23.6-android/guava-23.6-android.jar:/Users/zhangshaojie/eclipse/maven/repo/com/google/code/findbugs/jsr305/1.3.9/jsr305-1.3.9.jar:/Users/zhangshaojie/eclipse/maven/repo/org/checkerframework/checker-compat-qual/2.0.0/checker-compat-qual-2.0.0.jar:/Users/zhangshaojie/eclipse/maven/repo/com/google/errorprone/error_prone_annotations/2.1.3/error_prone_annotations-2.1.3.jar:/Users/zhangshaojie/eclipse/maven/repo/com/google/j2objc/j2objc-annotations/1.1/j2objc-annotations-1.1.jar:/Users/zhangshaojie/eclipse/maven/repo/org/codehaus/mojo/animal-sniffer-annotations/1.14/animal-sniffer-annotations-1.14.jar:/Users/zhangshaojie/eclipse/maven/repo/log4j/log4j/1.2.9/log4j-1.2.9.jar:/Users/zhangshaojie/eclipse/maven/repo/org/json/json/20090211/json-20090211.jar:/Users/zhangshaojie/eclipse/maven/repo/com/alibaba/fastjson/1.2.28/fastjson-1.2.28.jar:/Users/zhangshaojie/eclipse/maven/repo/dom4j/dom4j/1.6.1/dom4j-1.6.1.jar:/Users/zhangshaojie/eclipse/maven/repo/xml-apis/xml-apis/1.0.b2/xml-apis-1.0.b2.jar:/Users/zhangshaojie/eclipse/maven/repo/org/apache/maven/surefire/surefire-testng-utils/2.22.0/surefire-testng-utils-2.22.0.jar:/Users/zhangshaojie/eclipse/maven/repo/org/apache/maven/surefire/surefire-grouper/2.22.0/surefire-grouper-2.22.0.jar:"/>
    <property name="sun.cpu.endian" value="little"/>
    <property name="user.home" value="/Users/zhangshaojie"/>
    <property name="user.language" value="zh"/>
    <property name="java.specification.vendor" value="Oracle Corporation"/>
    <property name="java.home" value="/Library/Java/JavaVirtualMachines/jdk1.8.0_161.jdk/Contents/Home/jre"/>
    <property name="basedir" value="/Users/zhangshaojie/eclipse/workspace/maventest"/>
    <property name="file.separator" value="/"/>
    <property name="line.separator" value="&#10;"/>
    <property name="java.vm.specification.vendor" value="Oracle Corporation"/>
    <property name="java.specification.name" value="Java Platform API Specification"/>
    <property name="java.awt.graphicsenv" value="sun.awt.CGraphicsEnvironment"/>
    <property name="surefire.real.class.path" value="/Users/zhangshaojie/eclipse/workspace/maventest/target/surefire/surefirebooter4547051906965834945.jar"/>
    <property name="sun.boot.class.path" value="/Library/Java/JavaVirtualMachines/jdk1.8.0_161.jdk/Contents/Home/jre/lib/resources.jar:/Library/Java/JavaVirtualMachines/jdk1.8.0_161.jdk/Contents/Home/jre/lib/rt.jar:/Library/Java/JavaVirtualMachines/jdk1.8.0_161.jdk/Contents/Home/jre/lib/sunrsasign.jar:/Library/Java/JavaVirtualMachines/jdk1.8.0_161.jdk/Contents/Home/jre/lib/jsse.jar:/Library/Java/JavaVirtualMachines/jdk1.8.0_161.jdk/Contents/Home/jre/lib/jce.jar:/Library/Java/JavaVirtualMachines/jdk1.8.0_161.jdk/Contents/Home/jre/lib/charsets.jar:/Library/Java/JavaVirtualMachines/jdk1.8.0_161.jdk/Contents/Home/jre/lib/jfr.jar:/Library/Java/JavaVirtualMachines/jdk1.8.0_161.jdk/Contents/Home/jre/classes"/>
    <property name="sun.management.compiler" value="HotSpot 64-Bit Tiered Compilers"/>
    <property name="ftp.nonProxyHosts" value="local|*.local|169.254/16|*.169.254/16"/>
    <property name="java.runtime.version" value="1.8.0_161-b12"/>
    <property name="user.name" value="zhangshaojie"/>
    <property name="path.separator" value=":"/>
    <property name="os.version" value="10.13.2"/>
    <property name="java.endorsed.dirs" value="/Library/Java/JavaVirtualMachines/jdk1.8.0_161.jdk/Contents/Home/jre/lib/endorsed"/>
    <property name="java.runtime.name" value="Java(TM) SE Runtime Environment"/>
    <property name="file.encoding" value="UTF-8"/>
    <property name="java.vm.name" value="Java HotSpot(TM) 64-Bit Server VM"/>
    <property name="localRepository" value="/Users/zhangshaojie/eclipse/maven/repo"/>
    <property name="java.vendor.url.bug" value="http://bugreport.sun.com/bugreport/"/>
    <property name="java.io.tmpdir" value="/var/folders/w8/m6n00q051yqf3hl19_6sgws40000gn/T/"/>
    <property name="java.version" value="1.8.0_161"/>
    <property name="user.dir" value="/Users/zhangshaojie/eclipse/workspace/maventest/target"/>
    <property name="os.arch" value="x86_64"/>
    <property name="java.vm.specification.name" value="Java Virtual Machine Specification"/>
    <property name="java.awt.printerjob" value="sun.lwawt.macosx.CPrinterJob"/>
    <property name="sun.os.patch.level" value="unknown"/>
    <property name="java.library.path" value="/Users/zhangshaojie/Library/Java/Extensions:/Library/Java/Extensions:/Network/Library/Java/Extensions:/System/Library/Java/Extensions:/usr/lib/java:."/>
    <property name="java.vm.info" value="mixed mode"/>
    <property name="java.vendor" value="Oracle Corporation"/>
    <property name="java.vm.version" value="25.161-b12"/>
    <property name="java.ext.dirs" value="/Users/zhangshaojie/Library/Java/Extensions:/Library/Java/JavaVirtualMachines/jdk1.8.0_161.jdk/Contents/Home/jre/lib/ext:/Library/Java/Extensions:/Network/Library/Java/Extensions:/System/Library/Java/Extensions:/usr/lib/java"/>
    <property name="sun.io.unicode.encoding" value="UnicodeBig"/>
    <property name="java.class.version" value="52.0"/>
    <property name="socksNonProxyHosts" value="local|*.local|169.254/16|*.169.254/16"/>
  </properties>
  <testcase name="f" classname="com.test.util.TestSendEmail" time="0.23"/>
</testsuite>